TN:
SF:src\cli.ts
FN:1,(empty-report)
FNF:1
FNH:1
FNDA:1,(empty-report)
DA:2,0
DA:3,0
DA:4,0
DA:5,0
DA:8,0
DA:9,0
DA:10,0
DA:11,0
DA:14,0
DA:15,0
DA:17,0
DA:18,0
DA:20,0
DA:22,0
LF:14
LH:0
BRDA:1,0,0,1
BRF:1
BRH:1
end_of_record
TN:
SF:src\constants.ts
FNF:0
FNH:0
DA:1,1
DA:2,1
DA:3,1
DA:5,1
LF:4
LH:4
BRF:0
BRH:0
end_of_record
TN:
SF:src\index.ts
FN:1,(empty-report)
FNF:1
FNH:0
FNDA:0,(empty-report)
DA:1,0
DA:2,0
DA:3,0
DA:5,0
LF:4
LH:0
BRDA:1,0,0,0
BRF:1
BRH:0
end_of_record
TN:
SF:src\server.ts
FN:1,(empty-report)
FNF:1
FNH:0
FNDA:0,(empty-report)
DA:1,0
DA:2,0
DA:3,0
DA:5,0
DA:6,0
DA:7,0
DA:8,0
DA:9,0
LF:8
LH:0
BRDA:1,0,0,0
BRF:1
BRH:0
end_of_record
TN:
SF:src\lib\check-pattern.ts
FN:67,runChecks
FNF:1
FNH:1
FNDA:19,runChecks
DA:10,1
DA:67,1
DA:68,19
DA:69,19
DA:70,19
DA:71,19
DA:72,19
DA:73,19
DA:74,19
DA:76,19
DA:77,63
DA:79,63
DA:80,63
DA:81,63
DA:82,63
DA:83,63
DA:85,63
DA:86,63
DA:87,7
DA:88,7
DA:89,7
DA:90,7
DA:92,63
DA:93,63
DA:94,63
DA:95,63
DA:96,63
DA:97,63
DA:98,63
DA:99,0
DA:100,0
DA:101,0
DA:102,0
DA:103,0
DA:104,0
DA:105,0
DA:106,0
DA:107,0
DA:108,63
DA:110,19
DA:111,19
DA:112,19
DA:113,19
DA:114,19
DA:115,19
DA:116,19
DA:117,19
DA:118,19
DA:119,19
DA:120,19
DA:121,19
DA:122,19
DA:123,19
LF:53
LH:44
BRDA:67,0,0,19
BRDA:76,1,0,63
BRDA:83,2,0,0
BRDA:86,3,0,7
BRDA:98,4,0,0
BRDA:119,5,0,63
BRDA:120,6,0,63
BRF:7
BRH:5
end_of_record
TN:
SF:src\lib\db.ts
FN:36,resolveDbPath
FN:56,getMtime
FN:72,openDatabase
FN:114,getDb
FN:152,closeDb
FNF:5
FNH:5
FNDA:256,resolveDbPath
FNDA:256,getMtime
FNDA:24,openDatabase
FNDA:256,getDb
FNDA:25,closeDb
DA:7,1
DA:8,1
DA:9,1
DA:10,1
DA:29,1
DA:30,1
DA:36,256
DA:38,256
DA:41,0
DA:42,0
DA:43,0
DA:44,0
DA:45,0
DA:46,0
DA:47,0
DA:48,256
DA:50,0
DA:53,0
DA:54,0
DA:56,256
DA:57,256
DA:58,256
DA:59,256
DA:60,0
DA:61,0
DA:62,0
DA:63,0
DA:64,0
DA:65,0
DA:66,0
DA:67,0
DA:68,0
DA:69,0
DA:70,256
DA:72,24
DA:73,24
DA:89,24
DA:90,24
DA:91,24
DA:92,0
DA:93,0
DA:94,0
DA:95,0
DA:96,0
DA:98,24
DA:100,24
DA:101,24
DA:114,1
DA:115,256
DA:118,256
DA:119,24
DA:120,24
DA:121,24
DA:122,24
DA:123,24
DA:126,232
DA:127,232
DA:128,232
DA:129,0
DA:130,0
DA:131,0
DA:132,0
DA:133,0
DA:134,0
DA:135,0
DA:136,0
DA:137,0
DA:138,0
DA:139,0
DA:140,0
DA:141,0
DA:142,0
DA:143,0
DA:144,232
DA:146,232
DA:147,232
DA:152,1
DA:153,25
DA:154,24
DA:155,24
DA:156,24
DA:158,0
DA:159,24
DA:160,24
DA:161,25
DA:162,25
LF:86
LH:45
BRDA:36,0,0,256
BRDA:38,1,0,0
BRDA:48,2,0,0
BRDA:56,3,0,256
BRDA:59,4,0,0
BRDA:72,5,0,24
BRDA:91,6,0,0
BRDA:114,7,0,256
BRDA:118,8,0,251
BRDA:118,9,0,24
BRDA:123,10,0,232
BRDA:128,11,0,0
BRDA:144,12,0,232
BRDA:152,13,0,25
BRDA:153,14,0,24
BRDA:156,15,0,0
BRF:16
BRH:10
end_of_record
TN:
SF:src\lib\freshness.ts
FN:17,getFreshness
FNF:1
FNH:1
FNDA:256,getFreshness
DA:17,1
DA:18,256
DA:19,256
DA:20,256
DA:21,256
DA:23,256
DA:24,0
DA:25,0
DA:27,256
DA:29,256
DA:30,0
DA:31,0
DA:33,256
DA:34,256
DA:35,256
DA:36,256
DA:37,0
DA:39,256
DA:40,256
DA:41,0
DA:42,0
DA:43,256
LF:22
LH:15
BRDA:17,0,0,256
BRDA:23,1,0,0
BRDA:29,2,0,0
BRDA:34,3,0,0
BRDA:35,4,0,0
BRDA:36,5,0,0
BRDA:40,6,0,0
BRF:7
BRH:1
end_of_record
TN:
SF:src\lib\query-middleware.ts
FN:87,validateStatement
FN:109,checkMoneyColumns
FN:124,checkMetafieldGuard
FN:136,injectPagination
FN:156,levenshtein
FN:180,suggestTableNames
FN:195,buildColumnHint
FN:215,executeQuery
FNF:8
FNH:5
FNDA:5,validateStatement
FNDA:5,checkMoneyColumns
FNDA:5,checkMetafieldGuard
FNDA:5,injectPagination
FNDA:0,levenshtein
FNDA:0,suggestTableNames
FNDA:0,buildColumnHint
FNDA:5,executeQuery
DA:18,1
DA:20,1
DA:21,1
DA:24,1
DA:25,1
DA:26,1
DA:27,1
DA:28,1
DA:29,1
DA:30,1
DA:31,1
DA:32,1
DA:35,1
DA:37,1
DA:38,1
DA:40,1
DA:41,1
DA:42,1
DA:44,1
DA:45,1
DA:47,1
DA:49,1
DA:51,1
DA:53,1
DA:55,1
DA:57,1
DA:59,1
DA:61,1
DA:63,1
DA:64,1
DA:65,1
DA:87,1
DA:88,5
DA:89,5
DA:92,5
DA:93,5
DA:94,5
DA:95,5
DA:97,5
DA:98,5
DA:99,0
DA:100,0
DA:102,5
DA:103,5
DA:109,5
DA:110,5
DA:111,5
DA:112,35
DA:113,5
DA:114,5
DA:115,0
DA:116,0
DA:117,5
DA:118,5
DA:124,5
DA:125,5
DA:126,5
DA:127,0
DA:128,0
DA:129,5
DA:130,5
DA:136,5
DA:137,5
DA:138,5
DA:139,5
DA:140,5
DA:141,5
DA:144,5
DA:147,5
DA:149,5
DA:150,5
DA:156,0
DA:157,0
DA:158,0
DA:159,0
DA:160,0
DA:161,0
DA:163,0
DA:164,0
DA:166,0
DA:167,0
DA:168,0
DA:169,0
DA:170,0
DA:171,0
DA:172,0
DA:173,0
DA:174,0
DA:175,0
DA:177,0
DA:178,0
DA:180,0
DA:182,0
DA:183,0
DA:185,0
DA:186,0
DA:187,0
DA:188,0
DA:189,0
DA:195,1
DA:196,0
DA:197,0
DA:198,0
DA:199,0
DA:200,0
DA:201,0
DA:202,0
DA:203,0
DA:204,0
DA:205,0
DA:206,0
DA:207,0
DA:208,0
DA:209,0
DA:215,1
DA:216,5
DA:217,5
DA:218,5
DA:219,5
DA:220,5
DA:221,5
DA:223,5
DA:226,5
DA:227,5
DA:228,0
DA:229,0
DA:232,5
DA:233,5
DA:234,5
DA:235,5
DA:236,5
DA:239,5
DA:242,5
DA:243,5
DA:244,5
DA:245,5
DA:248,5
DA:249,5
DA:250,5
DA:251,5
DA:252,5
DA:253,5
DA:254,0
DA:255,0
DA:256,0
DA:258,0
DA:260,0
DA:261,0
DA:262,5
LF:149
LH:93
BRDA:87,0,0,5
BRDA:89,1,0,0
BRDA:98,2,0,0
BRDA:109,3,0,5
BRDA:114,4,0,0
BRDA:111,5,0,35
BRDA:124,6,0,5
BRDA:126,7,0,0
BRDA:126,8,0,0
BRDA:136,9,0,5
BRDA:144,10,0,0
BRDA:147,11,0,0
BRDA:215,12,0,5
BRDA:227,13,0,0
BRDA:234,14,0,0
BRDA:236,15,0,0
BRDA:245,16,0,0
BRDA:253,17,0,0
BRF:18
BRH:6
end_of_record
TN:
SF:src\lib\schema-version.ts
FN:1,(empty-report)
FNF:1
FNH:1
FNDA:1,(empty-report)
DA:2,0
DA:4,0
DA:5,0
DA:6,0
DA:7,0
DA:8,0
DA:10,0
DA:11,0
DA:12,0
DA:13,0
DA:14,0
DA:15,0
DA:16,0
DA:17,0
DA:19,0
DA:20,0
LF:16
LH:0
BRDA:1,0,0,1
BRF:1
BRH:1
end_of_record
TN:
SF:src\lib\session.ts
FN:5,initSession
FN:12,getSessionToken
FN:16,isSessionInitialized
FNF:3
FNH:2
FNDA:28,initSession
FNDA:0,getSessionToken
FNDA:463,isSessionInitialized
DA:1,1
DA:3,1
DA:5,1
DA:6,28
DA:7,12
DA:8,12
DA:9,28
DA:10,28
DA:12,1
DA:13,0
DA:14,0
DA:16,1
DA:17,463
DA:18,463
LF:14
LH:12
BRDA:5,0,0,28
BRDA:6,1,0,12
BRDA:16,2,0,463
BRF:3
BRH:3
end_of_record
TN:
SF:src\lib\views.ts
FN:3,createViews
FNF:1
FNH:1
FNDA:24,createViews
DA:3,1
DA:5,24
DA:6,24
DA:18,24
DA:21,24
DA:22,24
DA:34,24
DA:37,24
DA:38,24
DA:48,24
DA:51,24
DA:52,24
DA:71,24
DA:74,24
DA:75,24
DA:85,24
DA:88,24
DA:89,24
DA:107,24
DA:108,24
LF:20
LH:20
BRDA:3,0,0,24
BRF:1
BRH:1
end_of_record
TN:
SF:src\tools\b2b-companies-list.ts
FNF:0
FNH:0
DA:5,1
DA:6,1
DA:7,1
DA:8,1
DA:10,1
DA:11,1
DA:12,1
DA:13,1
DA:14,1
DA:15,1
DA:16,1
DA:17,1
DA:18,5
DA:19,5
DA:20,5
DA:22,5
DA:32,5
DA:34,5
DA:36,5
DA:37,5
DA:38,5
DA:39,5
DA:40,5
DA:41,5
DA:42,5
DA:43,5
DA:44,5
DA:45,5
DA:46,5
DA:47,5
DA:48,5
DA:49,5
DA:50,5
DA:51,5
DA:52,5
DA:53,5
DA:54,5
DA:55,1
DA:56,1
LF:39
LH:39
BRDA:17,0,0,5
BRDA:48,1,0,0
BRDA:49,2,0,0
BRF:3
BRH:1
end_of_record
TN:
SF:src\tools\collections-for-product.ts
FNF:0
FNH:0
DA:5,1
DA:6,1
DA:7,1
DA:8,1
DA:10,1
DA:11,1
DA:12,1
DA:16,1
DA:17,1
DA:18,1
DA:19,1
DA:20,1
DA:21,1
DA:22,3
DA:23,3
DA:24,3
DA:26,3
DA:27,3
DA:28,3
DA:35,3
DA:36,3
DA:38,3
DA:39,3
DA:40,3
DA:41,3
DA:42,3
DA:43,3
DA:44,3
DA:45,3
DA:46,3
DA:47,3
DA:48,3
DA:49,3
DA:50,3
DA:51,3
DA:52,3
DA:54,3
DA:55,3
DA:56,3
DA:57,1
DA:58,1
LF:41
LH:41
BRDA:21,0,0,3
BRF:1
BRH:1
end_of_record
TN:
SF:src\tools\collections-get.ts
FNF:0
FNH:0
DA:5,1
DA:6,1
DA:7,1
DA:8,1
DA:10,1
DA:11,1
DA:12,1
DA:16,1
DA:17,1
DA:18,1
DA:19,1
DA:20,1
DA:21,1
DA:22,2
DA:23,2
DA:24,2
DA:26,2
DA:27,2
DA:28,2
DA:32,2
DA:33,2
DA:35,2
DA:36,2
DA:37,2
DA:38,2
DA:39,2
DA:40,2
DA:41,2
DA:42,2
DA:43,2
DA:44,2
DA:45,2
DA:46,2
DA:47,2
DA:48,2
DA:49,2
DA:50,2
DA:51,2
DA:52,2
DA:53,2
DA:54,2
DA:55,2
DA:56,2
DA:58,0
DA:59,0
DA:60,0
DA:65,0
DA:66,0
DA:68,0
DA:69,0
DA:70,0
DA:71,0
DA:72,0
DA:73,0
DA:74,0
DA:75,0
DA:76,0
DA:77,0
DA:78,0
DA:79,0
DA:80,0
DA:81,0
DA:82,0
DA:83,0
DA:85,0
DA:86,0
DA:87,0
DA:88,1
DA:89,1
LF:69
LH:45
BRDA:21,0,0,2
BRDA:56,1,0,0
BRF:2
BRH:1
end_of_record
TN:
SF:src\tools\collections-list.ts
FNF:0
FNH:0
DA:8,1
DA:9,1
DA:10,1
DA:11,1
DA:13,1
DA:15,1
DA:16,1
DA:17,1
DA:18,1
DA:19,1
DA:20,1
DA:21,1
DA:22,1
DA:23,1
DA:24,1
DA:28,1
DA:29,1
DA:30,1
DA:31,1
DA:32,1
DA:33,1
DA:34,3
DA:35,3
DA:36,3
DA:38,3
DA:39,3
DA:41,3
DA:42,0
DA:43,3
DA:44,0
DA:45,0
DA:47,3
DA:49,3
DA:50,3
DA:52,3
DA:59,3
DA:61,3
DA:65,3
DA:67,3
DA:68,3
DA:69,3
DA:71,3
DA:72,3
DA:73,3
DA:74,3
DA:75,3
DA:76,3
DA:77,3
DA:78,3
DA:79,3
DA:80,3
DA:81,3
DA:82,3
DA:83,3
DA:84,3
DA:86,3
DA:87,3
DA:88,3
DA:89,1
DA:90,1
LF:60
LH:57
BRDA:33,0,0,3
BRDA:41,1,0,0
BRDA:43,2,0,0
BRDA:47,3,0,0
BRDA:49,4,0,0
BRDA:50,5,0,0
BRDA:69,6,0,0
BRF:7
BRH:1
end_of_record
TN:
SF:src\tools\conditions-content.ts
FNF:0
FNH:0
DA:9,1
DA:10,1
DA:11,1
DA:13,1
DA:14,1
DA:15,1
DA:16,1
DA:17,1
DA:18,1
DA:19,1
DA:20,1
DA:21,1
DA:22,1
DA:23,1
DA:24,1
DA:25,1
DA:26,1
DA:27,1
DA:28,1
DA:29,1
DA:30,1
DA:31,1
DA:32,1
DA:33,1
DA:34,1
DA:35,1
DA:36,1
DA:37,1
DA:38,1
DA:40,1
DA:41,1
DA:42,1
DA:43,1
DA:44,1
DA:45,1
DA:46,3
DA:47,3
DA:49,3
DA:50,3
DA:51,3
DA:52,1
DA:53,1
LF:42
LH:42
BRDA:45,0,0,3
BRF:1
BRH:1
end_of_record
TN:
SF:src\tools\conditions-customers.ts
FNF:0
FNH:0
DA:7,1
DA:8,1
DA:9,1
DA:11,1
DA:12,1
DA:13,1
DA:14,1
DA:15,1
DA:16,1
DA:17,1
DA:18,1
DA:19,1
DA:20,1
DA:21,1
DA:22,1
DA:23,1
DA:24,1
DA:25,1
DA:26,1
DA:27,1
DA:28,1
DA:29,1
DA:30,1
DA:31,1
DA:32,1
DA:33,1
DA:34,1
DA:35,1
DA:36,1
DA:37,1
DA:38,1
DA:39,1
DA:40,1
DA:41,1
DA:42,1
DA:43,1
DA:44,1
DA:45,1
DA:46,1
DA:48,1
DA:49,1
DA:50,1
DA:51,1
DA:52,1
DA:53,1
DA:54,3
DA:55,3
DA:57,3
DA:58,3
DA:59,3
DA:60,1
DA:61,1
LF:52
LH:52
BRDA:53,0,0,3
BRF:1
BRH:1
end_of_record
TN:
SF:src\tools\conditions-identifiers.ts
FNF:0
FNH:0
DA:7,1
DA:8,1
DA:9,1
DA:11,1
DA:12,1
DA:13,1
DA:14,1
DA:15,1
DA:16,1
DA:17,1
DA:18,1
DA:21,1
DA:22,1
DA:23,1
DA:24,1
DA:25,1
DA:26,1
DA:27,1
DA:28,1
DA:31,1
DA:32,1
DA:33,1
DA:34,1
DA:35,1
DA:36,1
DA:39,1
DA:40,1
DA:46,1
DA:47,1
DA:49,1
DA:50,1
DA:51,1
DA:52,1
DA:53,1
DA:54,1
DA:55,4
DA:56,4
DA:58,4
DA:59,4
DA:60,4
DA:61,1
DA:62,1
LF:42
LH:42
BRDA:54,0,0,4
BRF:1
BRH:1
end_of_record
TN:
SF:src\tools\conditions-inventory.ts
FNF:0
FNH:0
DA:8,1
DA:9,1
DA:10,1
DA:12,1
DA:13,1
DA:14,1
DA:15,1
DA:16,1
DA:17,1
DA:18,1
DA:19,1
DA:22,1
DA:23,1
DA:24,1
DA:25,1
DA:26,1
DA:27,1
DA:28,1
DA:29,1
DA:32,1
DA:33,1
DA:34,1
DA:35,1
DA:36,1
DA:37,1
DA:38,1
DA:39,1
DA:43,1
DA:44,1
DA:46,1
DA:47,1
DA:48,1
DA:49,1
DA:50,1
DA:51,1
DA:52,3
DA:53,3
DA:55,3
DA:56,3
DA:57,3
DA:58,1
DA:59,1
LF:42
LH:42
BRDA:51,0,0,3
BRF:1
BRH:1
end_of_record
TN:
SF:src\tools\conditions-orders.ts
FNF:0
FNH:0
DA:11,1
DA:12,1
DA:13,1
DA:15,1
DA:16,1
DA:17,1
DA:18,1
DA:19,1
DA:20,1
DA:21,1
DA:22,1
DA:23,1
DA:24,1
DA:25,1
DA:26,1
DA:27,1
DA:28,1
DA:29,1
DA:30,1
DA:31,1
DA:32,1
DA:33,1
DA:34,1
DA:35,1
DA:36,1
DA:37,1
DA:38,1
DA:39,1
DA:40,1
DA:41,1
DA:42,1
DA:43,1
DA:44,1
DA:45,1
DA:46,1
DA:47,1
DA:48,1
DA:49,1
DA:51,1
DA:52,1
DA:53,1
DA:54,1
DA:55,1
DA:56,1
DA:57,3
DA:58,3
DA:60,3
DA:61,3
DA:62,3
DA:63,1
DA:64,1
LF:51
LH:51
BRDA:56,0,0,3
BRF:1
BRH:1
end_of_record
TN:
SF:src\tools\conditions-pricing.ts
FNF:0
FNH:0
DA:7,1
DA:8,1
DA:9,1
DA:11,1
DA:12,1
DA:13,1
DA:14,1
DA:15,1
DA:16,1
DA:17,1
DA:18,1
DA:21,1
DA:22,1
DA:23,1
DA:24,1
DA:25,1
DA:26,1
DA:30,1
DA:31,1
DA:37,1
DA:38,1
DA:39,1
DA:40,1
DA:41,1
DA:42,1
DA:45,1
DA:46,1
DA:51,1
DA:52,1
DA:54,1
DA:55,1
DA:56,1
DA:57,1
DA:58,1
DA:59,1
DA:60,3
DA:61,3
DA:63,3
DA:64,3
DA:65,3
DA:66,1
DA:67,1
LF:42
LH:42
BRDA:59,0,0,3
BRF:1
BRH:1
end_of_record
TN:
SF:src\tools\content-pages.ts
FNF:0
FNH:0
DA:5,1
DA:6,1
DA:7,1
DA:8,1
DA:10,1
DA:11,1
DA:12,1
DA:13,1
DA:14,1
DA:15,1
DA:16,1
DA:17,1
DA:18,1
DA:19,4
DA:20,4
DA:21,4
DA:23,4
DA:24,4
DA:25,0
DA:26,4
DA:27,0
DA:28,4
DA:29,4
DA:33,4
DA:35,4
DA:37,4
DA:38,4
DA:39,0
DA:40,4
DA:41,0
DA:42,4
DA:43,4
DA:44,4
DA:45,4
DA:47,4
DA:48,4
DA:49,4
DA:50,4
DA:51,4
DA:52,4
DA:53,4
DA:54,4
DA:55,4
DA:56,4
DA:57,4
DA:58,4
DA:59,4
DA:60,4
DA:61,4
DA:62,4
DA:63,4
DA:64,4
DA:65,4
DA:66,1
DA:67,1
LF:55
LH:51
BRDA:18,0,0,4
BRDA:24,1,0,0
BRDA:26,2,0,0
BRDA:38,3,0,0
BRDA:40,4,0,0
BRDA:59,5,0,0
BRDA:60,6,0,0
BRF:7
BRH:1
end_of_record
TN:
SF:src\tools\customer-addresses.ts
FNF:0
FNH:0
DA:5,1
DA:6,1
DA:7,1
DA:8,1
DA:10,1
DA:11,1
DA:12,1
DA:13,1
DA:14,1
DA:15,1
DA:16,1
DA:17,1
DA:18,1
DA:19,7
DA:20,7
DA:21,7
DA:23,7
DA:24,7
DA:26,7
DA:31,7
DA:34,7
DA:36,7
DA:38,7
DA:39,7
DA:40,7
DA:41,7
DA:42,7
DA:43,7
DA:44,7
DA:45,7
DA:46,7
DA:47,7
DA:48,7
DA:49,7
DA:50,7
DA:51,7
DA:52,7
DA:53,7
DA:54,7
DA:55,7
DA:56,7
DA:57,1
DA:58,1
LF:43
LH:43
BRDA:18,0,0,7
BRDA:23,1,0,3
BRDA:23,2,0,4
BRDA:24,3,0,3
BRDA:24,4,0,4
BRDA:50,5,0,0
BRDA:51,6,0,0
BRF:7
BRH:5
end_of_record
TN:
SF:src\tools\customers-by-tag.ts
FNF:0
FNH:0
DA:1,1
DA:2,1
DA:3,1
DA:4,1
DA:6,1
DA:7,1
DA:8,1
DA:9,1
DA:10,1
DA:11,1
DA:12,1
DA:13,1
DA:14,4
DA:15,4
DA:16,4
DA:18,4
DA:24,4
DA:26,4
DA:27,4
DA:28,4
DA:30,4
DA:31,4
DA:32,4
DA:33,4
DA:34,4
DA:35,4
DA:36,4
DA:37,4
DA:38,4
DA:39,4
DA:40,4
DA:41,4
DA:42,4
DA:43,4
DA:44,4
DA:45,4
DA:46,4
DA:47,4
DA:48,4
DA:49,1
DA:50,1
LF:41
LH:41
BRDA:13,0,0,4
BRDA:42,1,0,0
BRDA:43,2,0,0
BRF:3
BRH:1
end_of_record
TN:
SF:src\tools\customers-get.ts
FNF:0
FNH:0
DA:5,1
DA:6,1
DA:7,1
DA:8,1
DA:10,1
DA:11,1
DA:12,1
DA:15,1
DA:16,1
DA:17,1
DA:18,1
DA:19,1
DA:20,1
DA:21,7
DA:22,7
DA:23,7
DA:25,7
DA:26,7
DA:27,7
DA:30,7
DA:31,4
DA:32,4
DA:33,4
DA:34,4
DA:35,4
DA:36,4
DA:37,4
DA:38,4
DA:39,0
DA:40,4
DA:42,7
DA:43,3
DA:44,3
DA:45,3
DA:46,3
DA:47,3
DA:48,3
DA:49,3
DA:50,3
DA:51,3
DA:52,3
DA:53,3
DA:54,3
DA:55,3
DA:56,3
DA:57,3
DA:58,3
DA:59,3
DA:60,3
DA:61,3
DA:62,3
DA:63,3
DA:66,4
DA:67,4
DA:68,4
DA:69,4
DA:70,4
DA:71,4
DA:76,4
DA:77,4
DA:78,4
DA:80,4
DA:81,4
DA:82,4
DA:84,4
DA:85,4
DA:86,4
DA:87,4
DA:88,4
DA:89,4
DA:90,4
DA:91,4
DA:92,4
DA:93,4
DA:94,4
DA:95,4
DA:96,4
DA:97,4
DA:98,4
DA:99,4
DA:100,4
DA:102,4
DA:103,4
DA:104,4
DA:105,1
DA:106,1
LF:86
LH:85
BRDA:20,0,0,7
BRDA:30,1,0,4
BRDA:33,2,0,0
BRDA:38,3,0,0
BRDA:38,4,0,0
BRDA:42,5,0,3
BRDA:63,6,0,4
BRF:7
BRH:4
end_of_record
TN:
SF:src\tools\customers-list.ts
FNF:0
FNH:0
DA:7,1
DA:8,1
DA:9,1
DA:10,1
DA:12,1
DA:14,1
DA:15,1
DA:16,1
DA:17,1
DA:18,1
DA:19,1
DA:20,1
DA:23,1
DA:24,1
DA:25,1
DA:26,1
DA:27,1
DA:28,1
DA:29,10
DA:30,10
DA:31,10
DA:33,10
DA:34,10
DA:36,10
DA:37,10
DA:39,10
DA:40,2
DA:41,2
DA:42,2
DA:44,10
DA:47,10
DA:56,10
DA:57,10
DA:58,1
DA:59,9
DA:60,1
DA:61,8
DA:63,10
DA:64,10
DA:72,10
DA:73,10
DA:77,10
DA:79,10
DA:80,10
DA:81,10
DA:82,10
DA:84,10
DA:85,10
DA:86,10
DA:87,10
DA:88,10
DA:89,10
DA:90,10
DA:91,10
DA:92,10
DA:93,10
DA:94,10
DA:95,10
DA:96,10
DA:97,10
DA:99,10
DA:100,10
DA:101,10
DA:102,1
DA:103,1
LF:65
LH:65
BRDA:28,0,0,10
BRDA:33,1,0,0
BRDA:34,2,0,2
BRDA:34,3,0,8
BRDA:39,4,0,2
BRDA:44,5,0,2
BRDA:44,6,0,8
BRDA:57,7,0,1
BRDA:58,8,0,9
BRDA:59,9,0,1
BRDA:60,10,0,8
BRDA:82,11,0,0
BRF:12
BRH:10
end_of_record
TN:
SF:src\tools\customers-search.ts
FNF:0
FNH:0
DA:9,1
DA:10,1
DA:11,1
DA:12,1
DA:14,1
DA:15,1
DA:16,1
DA:17,1
DA:18,1
DA:19,1
DA:20,1
DA:21,1
DA:22,1
DA:23,1
DA:24,1
DA:25,1
DA:26,1
DA:27,1
DA:28,1
DA:32,1
DA:33,1
DA:34,1
DA:35,1
DA:36,1
DA:37,1
DA:38,8
DA:39,8
DA:40,8
DA:42,8
DA:45,8
DA:54,8
DA:55,8
DA:56,8
DA:69,8
DA:70,8
DA:72,8
DA:73,8
DA:74,8
DA:78,8
DA:79,8
DA:80,8
DA:82,8
DA:83,8
DA:84,8
DA:85,8
DA:86,8
DA:87,8
DA:88,8
DA:89,8
DA:90,8
DA:91,8
DA:92,8
DA:93,8
DA:94,8
DA:95,8
DA:96,8
DA:98,8
DA:99,8
DA:100,8
DA:101,1
DA:102,1
LF:61
LH:61
BRDA:37,0,0,8
BRDA:80,1,0,0
BRF:2
BRH:1
end_of_record
TN:
SF:src\tools\customers-top.ts
FNF:0
FNH:0
DA:8,1
DA:9,1
DA:10,1
DA:11,1
DA:13,1
DA:15,1
DA:16,1
DA:17,1
DA:18,1
DA:19,1
DA:20,1
DA:21,1
DA:22,1
DA:23,1
DA:24,1
DA:25,1
DA:26,1
DA:27,1
DA:28,1
DA:29,1
DA:30,1
DA:31,1
DA:32,1
DA:33,1
DA:34,1
DA:35,1
DA:36,1
DA:37,1
DA:38,1
DA:39,1
DA:40,1
DA:44,1
DA:45,1
DA:46,1
DA:47,1
DA:48,1
DA:49,1
DA:50,9
DA:51,9
DA:52,9
DA:54,9
DA:55,9
DA:56,9
DA:57,2
DA:58,2
DA:59,2
DA:61,9
DA:62,9
DA:65,9
DA:66,9
DA:67,0
DA:68,9
DA:69,9
DA:70,0
DA:73,9
DA:88,9
DA:89,9
DA:101,9
DA:102,9
DA:106,9
DA:107,9
DA:108,9
DA:110,9
DA:111,9
DA:112,9
DA:113,9
DA:115,9
DA:116,9
DA:117,9
DA:118,9
DA:119,9
DA:120,9
DA:121,9
DA:122,9
DA:123,9
DA:124,9
DA:125,9
DA:126,9
DA:127,9
DA:128,9
DA:129,9
DA:130,9
DA:131,9
DA:132,8
DA:133,8
DA:134,8
DA:135,8
DA:136,8
DA:137,8
DA:138,0
DA:139,9
DA:140,9
DA:142,9
DA:143,9
DA:144,9
DA:145,1
DA:146,1
LF:97
LH:94
BRDA:49,0,0,9
BRDA:56,1,0,2
BRDA:61,2,0,0
BRDA:62,3,0,1
BRDA:62,4,0,8
BRDA:66,5,0,0
BRDA:69,6,0,0
BRDA:113,7,0,0
BRDA:131,8,0,8
BRDA:134,9,0,0
BRDA:137,10,0,0
BRF:11
BRH:5
end_of_record
TN:
SF:src\tools\dead-stock.ts
FNF:0
FNH:0
DA:8,1
DA:9,1
DA:10,1
DA:11,1
DA:13,1
DA:14,1
DA:15,1
DA:16,1
DA:17,1
DA:18,1
DA:19,1
DA:20,1
DA:21,1
DA:22,1
DA:23,1
DA:24,1
DA:25,1
DA:26,1
DA:27,1
DA:28,1
DA:29,1
DA:30,1
DA:34,1
DA:35,1
DA:36,1
DA:37,1
DA:38,1
DA:39,1
DA:40,3
DA:41,3
DA:42,3
DA:44,3
DA:58,3
DA:59,3
DA:60,3
DA:62,3
DA:63,3
DA:64,3
DA:69,3
DA:70,3
DA:71,3
DA:73,3
DA:74,3
DA:75,3
DA:76,3
DA:77,3
DA:78,3
DA:79,3
DA:80,3
DA:81,3
DA:82,3
DA:83,3
DA:84,3
DA:85,3
DA:86,3
DA:87,3
DA:88,3
DA:90,3
DA:91,3
DA:92,3
DA:93,1
DA:94,1
LF:62
LH:62
BRDA:39,0,0,3
BRDA:71,1,0,0
BRF:2
BRH:1
end_of_record
TN:
SF:src\tools\discounts-active.ts
FNF:0
FNH:0
DA:7,1
DA:8,1
DA:9,1
DA:10,1
DA:12,1
DA:13,1
DA:14,1
DA:15,1
DA:16,1
DA:17,1
DA:18,1
DA:19,1
DA:20,6
DA:21,6
DA:22,6
DA:24,6
DA:31,6
DA:33,6
DA:34,6
DA:35,6
DA:37,6
DA:38,6
DA:39,6
DA:40,6
DA:41,6
DA:42,6
DA:43,6
DA:44,6
DA:45,6
DA:46,6
DA:47,6
DA:48,6
DA:49,6
DA:50,6
DA:51,6
DA:52,6
DA:53,6
DA:54,6
DA:55,6
DA:56,1
DA:57,1
LF:41
LH:41
BRDA:19,0,0,6
BRDA:49,1,0,0
BRDA:50,2,0,0
BRF:3
BRH:1
end_of_record
TN:
SF:src\tools\discounts-summary.ts
FNF:0
FNH:0
DA:1,1
DA:2,1
DA:3,1
DA:4,1
DA:6,1
DA:7,1
DA:8,1
DA:9,1
DA:10,1
DA:11,1
DA:12,1
DA:13,1
DA:14,6
DA:15,6
DA:16,6
DA:18,6
DA:26,6
DA:28,6
DA:30,6
DA:31,6
DA:32,6
DA:33,6
DA:34,6
DA:35,6
DA:36,6
DA:37,6
DA:38,6
DA:39,6
DA:40,6
DA:41,6
DA:42,6
DA:43,6
DA:44,6
DA:45,6
DA:46,6
DA:47,6
DA:48,6
DA:49,6
DA:50,6
DA:51,6
DA:52,1
DA:53,1
LF:42
LH:42
BRDA:13,0,0,6
BRDA:42,1,0,0
BRDA:43,2,0,0
BRDA:45,3,0,6
BRF:4
BRH:2
end_of_record
TN:
SF:src\tools\draft-orders-list.ts
FNF:0
FNH:0
DA:5,1
DA:6,1
DA:7,1
DA:8,1
DA:10,1
DA:11,1
DA:12,1
DA:13,1
DA:14,1
DA:15,1
DA:16,1
DA:17,1
DA:18,1
DA:19,5
DA:20,5
DA:21,5
DA:23,5
DA:24,5
DA:26,5
DA:31,5
DA:35,5
DA:37,5
DA:39,5
DA:40,5
DA:41,5
DA:42,5
DA:43,5
DA:44,5
DA:45,5
DA:46,5
DA:47,5
DA:48,5
DA:49,5
DA:50,5
DA:51,5
DA:52,5
DA:53,5
DA:54,5
DA:55,5
DA:56,5
DA:57,5
DA:58,5
DA:59,5
DA:60,5
DA:61,1
DA:62,1
LF:46
LH:46
BRDA:18,0,0,5
BRDA:23,1,0,0
BRDA:24,2,0,0
BRDA:51,3,0,0
BRDA:52,4,0,0
BRDA:54,5,0,5
BRDA:56,6,0,0
BRF:7
BRH:2
end_of_record
TN:
SF:src\tools\fulfillment-tracking.ts
FNF:0
FNH:0
DA:1,1
DA:2,1
DA:3,1
DA:4,1
DA:6,1
DA:7,1
DA:8,1
DA:9,1
DA:10,1
DA:11,1
DA:12,1
DA:13,1
DA:14,1
DA:15,1
DA:16,5
DA:17,5
DA:18,5
DA:20,5
DA:21,5
DA:22,5
DA:23,5
DA:24,5
DA:26,5
DA:32,5
DA:35,5
DA:37,5
DA:39,5
DA:40,5
DA:41,5
DA:42,5
DA:43,5
DA:44,5
DA:45,5
DA:46,5
DA:47,5
DA:48,5
DA:49,5
DA:50,5
DA:51,5
DA:52,5
DA:53,5
DA:54,5
DA:55,5
DA:56,5
DA:57,5
DA:58,1
DA:59,1
LF:47
LH:47
BRDA:15,0,0,5
BRDA:22,1,0,0
BRDA:23,2,0,0
BRDA:24,3,0,0
BRDA:51,4,0,0
BRDA:52,5,0,0
BRF:6
BRH:1
end_of_record
TN:
SF:src\tools\gift-cards-summary.ts
FNF:0
FNH:0
DA:5,1
DA:6,1
DA:7,1
DA:9,1
DA:10,1
DA:11,1
DA:12,1
DA:13,1
DA:14,3
DA:15,3
DA:17,3
DA:26,3
DA:28,3
DA:30,3
DA:31,3
DA:32,3
DA:33,3
DA:34,3
DA:35,3
DA:36,3
DA:37,3
DA:38,3
DA:39,3
DA:40,3
DA:41,3
DA:42,3
DA:43,3
DA:44,3
DA:45,3
DA:46,3
DA:47,1
DA:48,1
LF:32
LH:32
BRDA:13,0,0,3
BRDA:28,1,0,3
BRDA:28,2,0,0
BRF:3
BRH:2
end_of_record
TN:
SF:src\tools\index.ts
FN:102,wrapHandler
FN:152,wrapHandlerNoGate
FN:255,registerAll
FNF:3
FNH:3
FNDA:2242,wrapHandler
FNDA:25,wrapHandlerNoGate
FNDA:25,registerAll
DA:12,1
DA:13,1
DA:14,1
DA:16,1
DA:17,1
DA:18,1
DA:19,1
DA:20,1
DA:21,1
DA:22,1
DA:23,1
DA:24,1
DA:25,1
DA:26,1
DA:27,1
DA:28,1
DA:29,1
DA:30,1
DA:31,1
DA:32,1
DA:33,1
DA:34,1
DA:35,1
DA:36,1
DA:37,1
DA:38,1
DA:39,1
DA:40,1
DA:41,1
DA:42,1
DA:43,1
DA:44,1
DA:45,1
DA:46,1
DA:47,1
DA:48,1
DA:49,1
DA:50,1
DA:51,1
DA:52,1
DA:53,1
DA:54,1
DA:55,1
DA:56,1
DA:57,1
DA:58,1
DA:59,1
DA:60,1
DA:61,1
DA:62,1
DA:63,1
DA:64,1
DA:65,1
DA:66,1
DA:67,1
DA:68,1
DA:69,1
DA:70,1
DA:71,1
DA:72,1
DA:73,1
DA:74,1
DA:75,1
DA:102,1
DA:103,2242
DA:104,2242
DA:105,2242
DA:106,463
DA:107,1
DA:108,1
DA:109,1
DA:110,1
DA:111,1
DA:112,1
DA:113,1
DA:114,1
DA:115,1
DA:116,1
DA:117,1
DA:118,462
DA:119,462
DA:120,462
DA:121,0
DA:122,0
DA:123,0
DA:125,0
DA:126,0
DA:127,0
DA:128,0
DA:130,0
DA:131,0
DA:132,0
DA:133,0
DA:134,0
DA:135,0
DA:136,0
DA:137,0
DA:138,0
DA:139,0
DA:140,0
DA:141,0
DA:142,0
DA:143,463
DA:144,2242
DA:152,1
DA:153,25
DA:154,25
DA:155,25
DA:156,28
DA:157,28
DA:158,28
DA:159,0
DA:160,0
DA:161,0
DA:162,0
DA:163,0
DA:164,0
DA:165,28
DA:166,25
DA:172,1
DA:174,1
DA:175,1
DA:176,1
DA:177,1
DA:178,1
DA:180,1
DA:181,1
DA:182,1
DA:183,1
DA:184,1
DA:186,1
DA:187,1
DA:188,1
DA:189,1
DA:191,1
DA:192,1
DA:193,1
DA:194,1
DA:195,1
DA:196,1
DA:198,1
DA:199,1
DA:200,1
DA:201,1
DA:203,1
DA:204,1
DA:205,1
DA:206,1
DA:207,1
DA:208,1
DA:209,1
DA:210,1
DA:211,1
DA:212,1
DA:214,1
DA:215,1
DA:216,1
DA:217,1
DA:218,1
DA:219,1
DA:221,1
DA:222,1
DA:224,1
DA:225,1
DA:226,1
DA:227,1
DA:228,1
DA:229,1
DA:231,1
DA:232,1
DA:233,1
DA:234,1
DA:235,1
DA:237,1
DA:238,1
DA:239,1
DA:240,1
DA:241,1
DA:243,1
DA:245,1
DA:246,1
DA:255,1
DA:256,25
DA:257,1500
DA:258,25
DA:259,1475
DA:261,1500
DA:262,25
DA:263,1475
DA:265,1500
DA:267,325
DA:268,1500
DA:270,1175
DA:271,1175
DA:272,1500
DA:273,25
LF:196
LH:170
BRDA:102,0,0,2242
BRDA:105,1,0,463
BRDA:106,2,0,1
BRDA:117,3,0,462
BRDA:120,4,0,0
BRDA:152,5,0,25
BRDA:155,6,0,28
BRDA:158,7,0,0
BRDA:255,8,0,25
BRDA:256,9,0,1500
BRDA:257,10,0,25
BRDA:258,11,0,1475
BRDA:261,12,0,25
BRDA:262,13,0,1475
BRDA:265,14,0,325
BRDA:268,15,0,1175
BRDA:267,16,0,40
BRDA:270,17,0,220
BRF:18
BRH:16
end_of_record
TN:
SF:src\tools\inventory-alerts.ts
FNF:0
FNH:0
DA:9,1
DA:10,1
DA:11,1
DA:12,1
DA:14,1
DA:15,1
DA:16,1
DA:17,1
DA:18,1
DA:19,1
DA:20,1
DA:21,1
DA:22,1
DA:23,1
DA:24,1
DA:25,1
DA:26,1
DA:27,1
DA:28,1
DA:29,1
DA:30,1
DA:31,1
DA:32,1
DA:33,1
DA:34,1
DA:35,1
DA:36,1
DA:37,1
DA:41,1
DA:42,1
DA:43,1
DA:44,1
DA:45,1
DA:46,1
DA:47,4
DA:48,4
DA:49,4
DA:51,4
DA:52,0
DA:53,4
DA:54,4
DA:55,0
DA:56,4
DA:58,4
DA:65,4
DA:70,4
DA:71,4
DA:72,4
DA:77,4
DA:80,4
DA:82,4
DA:83,4
DA:84,4
DA:85,4
DA:87,4
DA:89,4
DA:90,4
DA:91,4
DA:92,4
DA:93,4
DA:94,4
DA:95,4
DA:96,4
DA:97,4
DA:98,4
DA:99,4
DA:100,4
DA:101,4
DA:102,4
DA:103,4
DA:104,4
DA:106,4
DA:107,4
DA:108,4
DA:109,1
DA:110,1
LF:76
LH:74
BRDA:46,0,0,4
BRDA:51,1,0,0
BRDA:54,2,0,0
BRDA:85,3,0,0
BRDA:87,4,0,0
BRF:5
BRH:1
end_of_record
TN:
SF:src\tools\inventory-by-location.ts
FN:50,rows.reduce.item_count
FNF:1
FNH:1
FNDA:3,rows.reduce.item_count
DA:8,1
DA:9,1
DA:10,1
DA:11,1
DA:13,1
DA:14,1
DA:15,1
DA:16,1
DA:17,1
DA:18,1
DA:22,1
DA:23,1
DA:24,1
DA:25,1
DA:26,1
DA:27,1
DA:28,3
DA:29,3
DA:30,3
DA:32,3
DA:33,3
DA:34,0
DA:35,3
DA:37,3
DA:38,3
DA:39,3
DA:41,3
DA:43,3
DA:44,3
DA:46,3
DA:50,3
DA:51,3
DA:52,3
DA:53,3
DA:54,3
DA:55,3
DA:57,3
DA:58,3
DA:59,3
DA:60,3
DA:61,3
DA:62,3
DA:63,3
DA:64,3
DA:65,3
DA:66,3
DA:67,3
DA:68,3
DA:69,3
DA:70,3
DA:71,3
DA:73,3
DA:74,3
DA:75,3
DA:76,1
DA:77,1
LF:56
LH:55
BRDA:27,0,0,3
BRDA:33,1,0,0
BRDA:67,2,0,0
BRDA:50,3,0,3
BRF:4
BRH:2
end_of_record
TN:
SF:src\tools\inventory-levels.ts
FNF:0
FNH:0
DA:7,1
DA:8,1
DA:9,1
DA:10,1
DA:12,1
DA:13,1
DA:14,1
DA:15,1
DA:16,1
DA:17,1
DA:18,1
DA:22,1
DA:23,1
DA:24,1
DA:25,1
DA:26,1
DA:27,1
DA:28,4
DA:29,4
DA:30,4
DA:32,4
DA:33,4
DA:35,4
DA:36,0
DA:37,0
DA:38,0
DA:39,4
DA:40,0
DA:41,0
DA:42,0
DA:43,4
DA:44,0
DA:45,0
DA:46,0
DA:48,4
DA:53,4
DA:61,4
DA:62,4
DA:78,4
DA:83,4
DA:85,4
DA:86,4
DA:91,4
DA:93,4
DA:94,4
DA:96,4
DA:97,4
DA:98,4
DA:99,4
DA:100,4
DA:101,4
DA:102,4
DA:103,4
DA:104,4
DA:105,4
DA:106,4
DA:107,4
DA:108,4
DA:109,4
DA:111,4
DA:112,4
DA:113,4
DA:114,1
DA:115,1
LF:64
LH:55
BRDA:27,0,0,4
BRDA:35,1,0,0
BRDA:39,2,0,0
BRDA:43,3,0,0
BRDA:48,4,0,0
BRDA:94,5,0,0
BRF:6
BRH:1
end_of_record
TN:
SF:src\tools\inventory-oversold.ts
FNF:0
FNH:0
DA:9,1
DA:10,1
DA:11,1
DA:12,1
DA:14,1
DA:15,1
DA:16,1
DA:17,1
DA:18,1
DA:19,1
DA:20,1
DA:21,1
DA:22,1
DA:23,1
DA:24,1
DA:25,1
DA:26,1
DA:27,1
DA:28,1
DA:32,1
DA:33,1
DA:34,1
DA:35,1
DA:38,1
DA:39,1
DA:40,3
DA:41,3
DA:42,3
DA:44,3
DA:61,3
DA:62,3
DA:63,3
DA:65,3
DA:66,3
DA:67,3
DA:68,3
DA:69,3
DA:70,3
DA:72,3
DA:73,3
DA:74,3
DA:75,3
DA:76,3
DA:77,3
DA:78,3
DA:79,3
DA:80,3
DA:81,3
DA:82,3
DA:83,3
DA:84,3
DA:85,3
DA:87,3
DA:88,3
DA:89,3
DA:90,1
DA:91,1
LF:57
LH:57
BRDA:39,0,0,3
BRDA:70,1,0,0
BRF:2
BRH:1
end_of_record
TN:
SF:src\tools\inventory-summary.ts
FNF:0
FNH:0
DA:5,1
DA:6,1
DA:7,1
DA:9,1
DA:10,1
DA:11,1
DA:12,1
DA:13,1
DA:14,1
DA:15,3
DA:16,3
DA:19,3
DA:20,3
DA:21,3
DA:25,3
DA:26,3
DA:27,3
DA:31,3
DA:32,3
DA:33,3
DA:39,3
DA:40,3
DA:43,3
DA:44,3
DA:45,3
DA:46,3
DA:47,3
DA:50,3
DA:51,3
DA:52,3
DA:53,3
DA:54,3
DA:55,3
DA:57,3
DA:58,3
DA:59,3
DA:60,3
DA:61,3
DA:62,3
DA:63,3
DA:64,3
DA:65,3
DA:66,3
DA:67,3
DA:68,3
DA:69,3
DA:70,3
DA:71,3
DA:72,3
DA:73,3
DA:74,3
DA:75,3
DA:76,3
DA:78,3
DA:79,3
DA:80,3
DA:81,1
DA:82,1
LF:58
LH:58
BRDA:14,0,0,3
BRDA:69,1,0,0
BRDA:70,2,0,0
BRDA:72,3,0,0
BRDA:73,4,0,0
BRF:5
BRH:1
end_of_record
TN:
SF:src\tools\locations-list.ts
FNF:0
FNH:0
DA:5,1
DA:6,1
DA:7,1
DA:9,1
DA:10,1
DA:11,1
DA:12,1
DA:13,1
DA:14,3
DA:15,3
DA:17,3
DA:24,3
DA:26,3
DA:27,3
DA:28,3
DA:29,3
DA:30,3
DA:31,3
DA:32,3
DA:33,3
DA:34,3
DA:35,3
DA:36,3
DA:37,3
DA:38,3
DA:39,3
DA:40,3
DA:41,3
DA:42,1
DA:43,1
LF:30
LH:30
BRDA:13,0,0,3
BRF:1
BRH:1
end_of_record
TN:
SF:src\tools\meta-schema.ts
FNF:0
FNH:0
DA:9,1
DA:10,1
DA:11,1
DA:33,1
DA:36,1
DA:37,1
DA:38,1
DA:39,1
DA:40,1
DA:41,1
DA:42,1
DA:43,1
DA:44,1
DA:45,1
DA:46,1
DA:47,1
DA:48,1
DA:49,1
DA:50,1
DA:51,1
DA:52,1
DA:53,1
DA:54,1
DA:55,1
DA:56,1
DA:57,1
DA:58,1
DA:59,1
DA:60,1
DA:61,1
DA:62,1
DA:63,1
DA:64,1
DA:65,1
DA:66,1
DA:67,1
DA:68,1
DA:69,1
DA:70,1
DA:71,1
DA:72,1
DA:73,1
DA:74,1
DA:75,1
DA:76,1
DA:77,1
DA:78,1
DA:79,1
DA:80,1
DA:81,1
DA:82,1
DA:83,1
DA:84,1
DA:85,1
DA:86,1
DA:87,1
DA:88,1
DA:89,1
DA:90,1
DA:91,1
DA:92,1
DA:93,1
DA:94,1
DA:95,1
DA:96,1
DA:97,1
DA:98,1
DA:99,1
DA:100,1
DA:101,1
DA:102,1
DA:103,1
DA:104,1
DA:105,1
DA:106,1
DA:107,1
DA:108,1
DA:109,1
DA:110,1
DA:111,1
DA:112,1
DA:119,1
DA:120,1
DA:121,1
DA:122,1
DA:123,1
DA:124,1
DA:125,1
DA:126,1
DA:127,1
DA:128,1
DA:129,1
DA:130,1
DA:131,1
DA:132,1
DA:133,1
DA:134,1
DA:135,1
DA:136,1
DA:137,1
DA:138,1
DA:139,1
DA:140,1
DA:141,1
DA:142,1
DA:143,1
DA:144,1
DA:145,1
DA:146,1
DA:147,1
DA:148,1
DA:149,1
DA:150,1
DA:151,1
DA:152,1
DA:153,1
DA:154,1
DA:155,1
DA:156,1
DA:157,1
DA:158,1
DA:159,1
DA:160,1
DA:161,1
DA:162,1
DA:165,1
DA:166,1
DA:167,1
DA:168,1
DA:169,1
DA:170,1
DA:171,1
DA:172,1
DA:173,1
DA:174,1
DA:175,1
DA:177,1
DA:178,1
DA:179,1
DA:180,1
DA:181,1
DA:182,1
DA:183,2
DA:184,2
DA:187,2
DA:188,2
DA:189,2
DA:190,2
DA:191,2
DA:194,2
DA:195,2
DA:196,2
DA:197,2
DA:198,2
DA:200,2
DA:203,2
DA:205,2
DA:206,118
DA:207,118
DA:208,118
DA:209,118
DA:211,118
DA:212,118
DA:213,118
DA:214,968
DA:215,968
DA:216,968
DA:217,968
DA:218,118
DA:219,118
DA:220,118
DA:222,2
DA:223,2
DA:224,2
DA:225,2
DA:226,2
DA:227,2
DA:228,2
DA:229,2
DA:230,2
DA:231,2
DA:232,2
DA:233,2
DA:234,2
DA:235,2
DA:236,2
DA:237,2
DA:239,2
DA:240,2
DA:241,2
DA:242,1
DA:243,1
LF:192
LH:192
BRDA:182,0,0,2
BRDA:205,1,0,118
BRDA:213,2,0,968
BRF:3
BRH:3
end_of_record
TN:
SF:src\tools\meta-status.ts
FNF:0
FNH:0
DA:5,1
DA:6,1
DA:7,1
DA:9,1
DA:10,1
DA:11,1
DA:12,1
DA:13,1
DA:14,1
DA:15,1
DA:16,1
DA:17,1
DA:18,1
DA:19,1
DA:21,1
DA:22,1
DA:23,1
DA:24,1
DA:25,1
DA:26,1
DA:27,2
DA:28,2
DA:30,2
DA:31,2
DA:32,18
DA:33,18
DA:34,18
DA:35,18
DA:36,18
DA:39,2
DA:40,2
DA:41,2
DA:42,2
DA:44,2
DA:45,2
DA:46,2
DA:47,2
DA:48,2
DA:49,2
DA:50,2
DA:51,2
DA:52,2
DA:53,2
DA:54,2
DA:55,2
DA:56,2
DA:57,2
DA:59,2
DA:60,2
DA:61,2
DA:62,1
DA:63,1
LF:52
LH:52
BRDA:26,0,0,2
BRDA:31,1,0,18
BRDA:35,2,0,0
BRDA:42,3,0,12
BRF:4
BRH:3
end_of_record
TN:
SF:src\tools\meta-store.ts
FNF:0
FNH:0
DA:5,1
DA:6,1
DA:7,1
DA:9,1
DA:10,1
DA:11,1
DA:12,1
DA:13,1
DA:14,1
DA:15,2
DA:16,2
DA:19,2
DA:20,2
DA:21,2
DA:22,2
DA:23,2
DA:25,2
DA:26,2
DA:27,2
DA:28,2
DA:29,2
DA:30,2
DA:31,2
DA:32,2
DA:33,2
DA:34,2
DA:35,2
DA:36,2
DA:37,2
DA:39,2
DA:40,2
DA:41,2
DA:42,1
DA:43,1
LF:34
LH:34
BRDA:14,0,0,2
BRDA:22,1,0,0
BRDA:23,2,0,0
BRF:3
BRH:1
end_of_record
TN:
SF:src\tools\metafields-query.ts
FNF:0
FNH:0
DA:9,1
DA:10,1
DA:11,1
DA:12,1
DA:14,1
DA:15,1
DA:16,1
DA:17,1
DA:18,1
DA:19,1
DA:20,1
DA:22,1
DA:23,1
DA:24,1
DA:25,1
DA:26,1
DA:27,1
DA:28,1
DA:30,1
DA:31,1
DA:32,1
DA:33,1
DA:34,1
DA:35,1
DA:36,1
DA:37,1
DA:38,1
DA:39,1
DA:40,1
DA:41,1
DA:42,1
DA:43,1
DA:44,1
DA:45,1
DA:46,1
DA:47,1
DA:48,1
DA:49,1
DA:50,1
DA:51,1
DA:52,1
DA:53,1
DA:54,1
DA:55,1
DA:56,1
DA:57,1
DA:58,1
DA:59,1
DA:60,1
DA:61,1
DA:62,1
DA:63,1
DA:64,1
DA:65,1
DA:66,1
DA:70,1
DA:71,1
DA:72,1
DA:73,1
DA:77,1
DA:78,1
DA:79,6
DA:80,6
DA:81,6
DA:83,6
DA:84,6
DA:86,6
DA:87,2
DA:88,2
DA:89,2
DA:90,6
DA:91,0
DA:92,0
DA:93,0
DA:94,6
DA:95,0
DA:96,0
DA:97,0
DA:98,6
DA:99,0
DA:100,0
DA:101,0
DA:102,6
DA:103,0
DA:104,0
DA:105,0
DA:107,6
DA:109,6
DA:122,6
DA:127,6
DA:128,6
DA:129,6
DA:131,6
DA:134,6
DA:136,6
DA:137,6
DA:139,6
DA:140,6
DA:141,6
DA:142,6
DA:143,6
DA:144,6
DA:145,6
DA:146,6
DA:147,6
DA:148,6
DA:149,6
DA:150,6
DA:151,6
DA:152,6
DA:154,6
DA:155,6
DA:156,6
DA:157,1
DA:158,1
LF:115
LH:103
BRDA:78,0,0,6
BRDA:86,1,0,2
BRDA:88,2,0,0
BRDA:90,3,0,0
BRDA:94,4,0,0
BRDA:98,5,0,0
BRDA:102,6,0,0
BRDA:107,7,0,2
BRDA:107,8,0,4
BRDA:137,9,0,0
BRF:10
BRH:4
end_of_record
TN:
SF:src\tools\order-line-items-list.ts
FNF:0
FNH:0
DA:11,1
DA:12,1
DA:13,1
DA:14,1
DA:16,1
DA:17,1
DA:18,1
DA:19,1
DA:20,1
DA:21,1
DA:22,1
DA:23,1
DA:24,1
DA:25,1
DA:26,1
DA:27,1
DA:28,1
DA:29,1
DA:30,1
DA:31,1
DA:32,1
DA:33,1
DA:34,1
DA:35,1
DA:36,1
DA:37,1
DA:38,1
DA:39,1
DA:40,1
DA:41,1
DA:42,1
DA:46,1
DA:47,1
DA:48,1
DA:49,1
DA:50,1
DA:51,1
DA:52,4
DA:53,4
DA:54,4
DA:56,4
DA:57,4
DA:59,4
DA:60,0
DA:61,0
DA:62,0
DA:63,4
DA:64,0
DA:65,0
DA:66,0
DA:67,4
DA:68,1
DA:69,1
DA:70,1
DA:72,4
DA:74,4
DA:83,4
DA:88,4
DA:90,4
DA:94,4
DA:96,4
DA:97,4
DA:99,4
DA:100,4
DA:101,4
DA:102,4
DA:103,4
DA:104,4
DA:105,4
DA:106,4
DA:107,4
DA:108,4
DA:109,4
DA:110,4
DA:111,4
DA:112,4
DA:114,4
DA:115,4
DA:116,4
DA:117,1
DA:118,1
LF:81
LH:75
BRDA:51,0,0,4
BRDA:59,1,0,0
BRDA:63,2,0,0
BRDA:67,3,0,1
BRDA:72,4,0,1
BRDA:72,5,0,3
BRDA:97,6,0,0
BRF:7
BRH:4
end_of_record
TN:
SF:src\tools\orders-get.ts
FNF:0
FNH:0
DA:9,1
DA:10,1
DA:11,1
DA:12,1
DA:14,1
DA:15,1
DA:16,1
DA:19,1
DA:20,1
DA:21,1
DA:22,1
DA:23,1
DA:24,1
DA:25,2
DA:26,2
DA:27,2
DA:29,2
DA:30,2
DA:31,2
DA:33,2
DA:34,2
DA:35,2
DA:36,2
DA:37,2
DA:38,2
DA:39,2
DA:40,2
DA:41,2
DA:42,2
DA:43,2
DA:44,2
DA:45,2
DA:46,2
DA:47,2
DA:48,2
DA:49,2
DA:50,2
DA:51,2
DA:52,2
DA:53,2
DA:54,2
DA:56,0
DA:57,0
DA:58,0
DA:60,0
DA:61,0
DA:62,0
DA:65,0
DA:66,0
DA:67,0
DA:68,0
DA:69,0
DA:70,0
DA:71,0
DA:72,0
DA:73,0
DA:74,0
DA:75,0
DA:76,0
DA:77,0
DA:78,0
DA:79,0
DA:80,0
DA:81,0
DA:82,0
DA:84,0
DA:85,0
DA:86,0
DA:87,0
DA:88,0
DA:89,0
DA:90,0
DA:91,0
DA:92,0
DA:93,0
DA:94,0
DA:95,0
DA:96,0
DA:97,0
DA:98,0
DA:99,0
DA:100,0
DA:101,0
DA:103,0
DA:104,0
DA:105,0
DA:106,1
DA:107,1
LF:88
LH:43
BRDA:24,0,0,2
BRDA:54,1,0,0
BRF:2
BRH:1
end_of_record
TN:
SF:src\tools\orders-list.ts
FNF:0
FNH:0
DA:8,1
DA:9,1
DA:10,1
DA:11,1
DA:13,1
DA:15,1
DA:16,1
DA:17,1
DA:18,1
DA:19,1
DA:20,1
DA:21,1
DA:22,1
DA:25,1
DA:26,1
DA:27,1
DA:28,1
DA:29,1
DA:30,1
DA:31,4
DA:32,4
DA:33,4
DA:35,4
DA:36,4
DA:38,4
DA:39,0
DA:40,0
DA:41,0
DA:42,4
DA:43,0
DA:44,0
DA:45,0
DA:47,4
DA:49,4
DA:50,4
DA:53,4
DA:54,4
DA:55,4
DA:56,4
DA:58,4
DA:68,4
DA:70,4
DA:74,4
DA:76,4
DA:77,4
DA:78,4
DA:80,4
DA:81,4
DA:82,4
DA:83,4
DA:84,4
DA:85,4
DA:86,4
DA:87,4
DA:88,4
DA:89,4
DA:90,4
DA:91,4
DA:92,4
DA:93,4
DA:95,4
DA:96,4
DA:97,4
DA:98,1
DA:99,1
LF:65
LH:59
BRDA:30,0,0,4
BRDA:38,1,0,0
BRDA:42,2,0,0
BRDA:47,3,0,0
BRDA:49,4,0,0
BRDA:50,5,0,0
BRDA:78,6,0,0
BRF:7
BRH:1
end_of_record
TN:
SF:src\tools\orders-search.ts
FNF:0
FNH:0
DA:8,1
DA:9,1
DA:10,1
DA:11,1
DA:13,1
DA:14,1
DA:15,1
DA:16,1
DA:17,1
DA:18,1
DA:19,1
DA:20,1
DA:21,1
DA:22,1
DA:23,1
DA:24,1
DA:25,1
DA:26,1
DA:27,1
DA:28,1
DA:29,1
DA:30,1
DA:31,1
DA:32,1
DA:33,1
DA:34,1
DA:35,1
DA:36,1
DA:37,1
DA:38,1
DA:39,1
DA:40,1
DA:41,1
DA:42,1
DA:43,1
DA:44,1
DA:45,1
DA:46,1
DA:47,1
DA:51,1
DA:52,1
DA:53,1
DA:54,1
DA:55,1
DA:56,1
DA:57,3
DA:58,3
DA:59,3
DA:61,3
DA:62,3
DA:64,3
DA:65,0
DA:66,0
DA:67,0
DA:68,3
DA:69,0
DA:70,0
DA:71,0
DA:72,3
DA:73,0
DA:74,0
DA:75,0
DA:76,3
DA:77,0
DA:78,0
DA:79,0
DA:80,3
DA:81,0
DA:82,0
DA:83,0
DA:85,3
DA:87,3
DA:93,3
DA:98,3
DA:100,3
DA:101,3
DA:102,3
DA:104,3
DA:105,3
DA:106,3
DA:107,3
DA:108,3
DA:109,3
DA:110,3
DA:111,3
DA:112,3
DA:113,3
DA:114,3
DA:115,3
DA:116,3
DA:117,3
DA:119,3
DA:120,3
DA:121,3
DA:122,1
DA:123,1
LF:96
LH:81
BRDA:56,0,0,3
BRDA:64,1,0,0
BRDA:68,2,0,0
BRDA:72,3,0,0
BRDA:76,4,0,0
BRDA:80,5,0,0
BRDA:85,6,0,0
BRDA:102,7,0,0
BRF:8
BRH:1
end_of_record
TN:
SF:src\tools\price-analysis.ts
FNF:0
FNH:0
DA:8,1
DA:9,1
DA:10,1
DA:11,1
DA:13,1
DA:14,1
DA:15,1
DA:16,1
DA:17,1
DA:18,1
DA:19,1
DA:20,1
DA:21,1
DA:22,1
DA:23,1
DA:24,1
DA:25,1
DA:26,1
DA:27,1
DA:28,1
DA:29,1
DA:30,1
DA:31,1
DA:32,1
DA:33,1
DA:34,1
DA:35,1
DA:36,1
DA:40,1
DA:41,1
DA:42,1
DA:43,1
DA:44,1
DA:45,1
DA:46,3
DA:47,3
DA:48,3
DA:50,3
DA:51,3
DA:53,3
DA:54,3
DA:55,3
DA:56,3
DA:57,3
DA:58,3
DA:59,0
DA:60,0
DA:61,0
DA:63,3
DA:65,3
DA:70,3
DA:75,3
DA:76,3
DA:77,3
DA:79,3
DA:80,3
DA:81,3
DA:82,3
DA:84,3
DA:85,3
DA:86,3
DA:87,3
DA:88,3
DA:89,3
DA:90,3
DA:91,3
DA:92,3
DA:93,3
DA:94,3
DA:95,3
DA:96,3
DA:97,0
DA:98,3
DA:99,3
DA:100,3
DA:101,3
DA:103,3
DA:104,3
DA:105,3
DA:106,1
DA:107,1
LF:81
LH:77
BRDA:45,0,0,3
BRDA:58,1,0,0
BRDA:63,2,0,0
BRDA:82,3,0,0
BRDA:96,4,0,0
BRF:5
BRH:1
end_of_record
TN:
SF:src\tools\prices-current.ts
FNF:0
FNH:0
DA:5,1
DA:6,1
DA:7,1
DA:8,1
DA:10,1
DA:11,1
DA:12,1
DA:13,1
DA:14,1
DA:15,1
DA:18,1
DA:19,1
DA:20,1
DA:21,1
DA:22,1
DA:23,1
DA:24,3
DA:25,3
DA:26,3
DA:28,3
DA:29,3
DA:31,3
DA:32,0
DA:33,0
DA:34,0
DA:35,3
DA:36,0
DA:37,0
DA:39,3
DA:41,3
DA:48,3
DA:53,3
DA:55,3
DA:59,3
DA:61,3
DA:62,3
DA:64,3
DA:65,3
DA:66,3
DA:67,3
DA:68,3
DA:69,3
DA:70,3
DA:71,3
DA:72,3
DA:73,3
DA:74,3
DA:75,3
DA:76,3
DA:77,3
DA:79,3
DA:80,3
DA:81,3
DA:82,1
DA:83,1
LF:55
LH:50
BRDA:23,0,0,3
BRDA:31,1,0,0
BRDA:35,2,0,0
BRDA:39,3,0,0
BRDA:62,4,0,0
BRF:5
BRH:1
end_of_record
TN:
SF:src\tools\product-images.ts
FNF:0
FNH:0
DA:1,1
DA:2,1
DA:3,1
DA:4,1
DA:6,1
DA:7,1
DA:8,1
DA:9,1
DA:10,1
DA:11,1
DA:12,1
DA:13,1
DA:14,1
DA:15,5
DA:16,5
DA:17,5
DA:19,5
DA:20,5
DA:22,5
DA:27,5
DA:32,5
DA:33,5
DA:35,5
DA:36,5
DA:37,5
DA:38,5
DA:39,5
DA:40,5
DA:41,5
DA:42,5
DA:43,5
DA:44,5
DA:45,5
DA:46,5
DA:47,5
DA:48,5
DA:49,5
DA:50,5
DA:51,5
DA:52,5
DA:53,5
DA:54,1
DA:55,1
LF:43
LH:43
BRDA:14,0,0,5
BRDA:19,1,0,0
BRDA:20,2,0,0
BRDA:33,3,0,0
BRDA:47,4,0,0
BRDA:48,5,0,0
BRF:6
BRH:1
end_of_record
TN:
SF:src\tools\products-bought-together.ts
FNF:0
FNH:0
DA:9,1
DA:10,1
DA:11,1
DA:12,1
DA:14,1
DA:15,1
DA:16,1
DA:17,1
DA:18,1
DA:19,1
DA:21,1
DA:22,1
DA:23,1
DA:24,1
DA:25,1
DA:26,1
DA:27,1
DA:28,1
DA:29,1
DA:30,1
DA:31,1
DA:32,1
DA:33,1
DA:34,1
DA:35,1
DA:36,1
DA:37,1
DA:41,1
DA:42,1
DA:43,1
DA:44,1
DA:48,1
DA:49,1
DA:50,3
DA:51,3
DA:52,3
DA:54,3
DA:55,1
DA:56,2
DA:58,3
DA:59,1
DA:60,2
DA:62,3
DA:72,3
DA:77,3
DA:84,3
DA:85,3
DA:86,1
DA:87,1
DA:88,3
DA:89,3
DA:91,3
DA:92,3
DA:93,3
DA:95,3
DA:96,3
DA:97,3
DA:98,3
DA:99,3
DA:100,3
DA:101,3
DA:102,3
DA:103,3
DA:104,3
DA:105,3
DA:106,3
DA:108,3
DA:109,2
DA:110,2
DA:111,2
DA:113,3
DA:114,3
DA:115,3
DA:116,3
DA:118,3
DA:119,3
DA:120,3
DA:121,1
DA:122,1
LF:79
LH:79
BRDA:49,0,0,3
BRDA:54,1,0,1
BRDA:55,2,0,2
BRDA:58,3,0,1
BRDA:59,4,0,2
BRDA:85,5,0,1
BRDA:108,6,0,2
BRF:7
BRH:7
end_of_record
TN:
SF:src\tools\products-count.ts
FNF:0
FNH:0
DA:5,1
DA:6,1
DA:7,1
DA:8,1
DA:10,1
DA:11,1
DA:12,1
DA:13,1
DA:14,1
DA:18,1
DA:19,1
DA:20,1
DA:21,1
DA:22,1
DA:23,1
DA:24,2
DA:25,2
DA:26,2
DA:28,2
DA:29,2
DA:31,2
DA:32,0
DA:33,0
DA:34,0
DA:35,2
DA:36,0
DA:37,0
DA:38,0
DA:39,2
DA:40,0
DA:41,0
DA:42,0
DA:44,2
DA:46,2
DA:47,2
DA:48,2
DA:50,2
DA:52,2
DA:53,2
DA:54,2
DA:55,2
DA:56,2
DA:57,2
DA:58,2
DA:59,2
DA:60,2
DA:61,2
DA:62,2
DA:63,2
DA:64,2
DA:66,2
DA:67,2
DA:68,2
DA:69,1
DA:70,1
LF:55
LH:46
BRDA:23,0,0,2
BRDA:31,1,0,0
BRDA:35,2,0,0
BRDA:39,3,0,0
BRDA:44,4,0,0
BRDA:50,5,0,0
BRF:6
BRH:1
end_of_record
TN:
SF:src\tools\products-for-collection.ts
FNF:0
FNH:0
DA:9,1
DA:10,1
DA:11,1
DA:12,1
DA:14,1
DA:16,1
DA:17,1
DA:18,1
DA:19,1
DA:20,1
DA:21,1
DA:22,1
DA:23,1
DA:24,1
DA:25,1
DA:26,1
DA:27,1
DA:28,1
DA:29,1
DA:30,1
DA:31,1
DA:32,1
DA:33,1
DA:34,1
DA:35,1
DA:36,1
DA:40,1
DA:41,1
DA:42,1
DA:43,1
DA:44,1
DA:45,1
DA:46,3
DA:47,3
DA:48,3
DA:50,3
DA:51,3
DA:52,0
DA:53,3
DA:56,3
DA:57,3
DA:58,0
DA:59,3
DA:61,3
DA:74,3
DA:78,3
DA:79,3
DA:80,3
DA:85,3
DA:86,3
DA:87,3
DA:91,3
DA:92,3
DA:93,3
DA:95,3
DA:96,3
DA:97,3
DA:98,3
DA:99,3
DA:100,3
DA:101,3
DA:102,3
DA:103,3
DA:104,3
DA:105,3
DA:106,3
DA:107,3
DA:108,3
DA:109,3
DA:110,3
DA:111,3
DA:112,3
DA:113,3
DA:114,3
DA:115,0
DA:116,3
DA:117,3
DA:119,3
DA:120,3
DA:121,3
DA:122,1
DA:123,1
LF:82
LH:79
BRDA:45,0,0,3
BRDA:51,1,0,0
BRDA:53,2,0,0
BRDA:57,3,0,0
BRDA:93,4,0,0
BRDA:110,5,0,3
BRDA:114,6,0,0
BRF:7
BRH:2
end_of_record
TN:
SF:src\tools\products-get.ts
FNF:0
FNH:0
DA:5,1
DA:6,1
DA:7,1
DA:8,1
DA:10,1
DA:11,1
DA:12,1
DA:16,1
DA:17,1
DA:18,1
DA:19,1
DA:20,1
DA:21,1
DA:22,2
DA:23,2
DA:24,2
DA:26,2
DA:27,2
DA:28,2
DA:30,2
DA:31,2
DA:32,2
DA:33,2
DA:34,2
DA:35,2
DA:36,2
DA:37,2
DA:38,2
DA:39,2
DA:40,2
DA:41,2
DA:42,2
DA:43,2
DA:44,2
DA:45,2
DA:46,2
DA:47,2
DA:48,2
DA:49,2
DA:50,2
DA:51,2
DA:53,0
DA:54,0
DA:55,0
DA:57,0
DA:58,0
DA:59,0
DA:63,0
DA:64,0
DA:66,0
DA:67,0
DA:68,0
DA:70,0
DA:71,0
DA:72,0
DA:73,0
DA:74,0
DA:75,0
DA:76,0
DA:77,0
DA:78,0
DA:79,0
DA:80,0
DA:81,0
DA:82,0
DA:83,0
DA:84,0
DA:85,0
DA:86,0
DA:87,0
DA:89,0
DA:90,0
DA:91,0
DA:92,1
DA:93,1
LF:75
LH:43
BRDA:21,0,0,2
BRDA:51,1,0,0
BRF:2
BRH:1
end_of_record
TN:
SF:src\tools\products-list.ts
FNF:0
FNH:0
DA:5,1
DA:6,1
DA:7,1
DA:8,1
DA:10,1
DA:12,1
DA:13,1
DA:14,1
DA:15,1
DA:16,1
DA:17,1
DA:18,1
DA:19,1
DA:20,1
DA:21,1
DA:22,1
DA:26,1
DA:27,1
DA:28,1
DA:29,1
DA:30,1
DA:31,1
DA:32,4
DA:33,4
DA:34,4
DA:36,4
DA:37,4
DA:39,4
DA:40,0
DA:41,0
DA:42,0
DA:43,4
DA:44,0
DA:45,0
DA:46,0
DA:47,4
DA:48,0
DA:49,0
DA:50,0
DA:51,4
DA:52,0
DA:53,0
DA:54,4
DA:55,0
DA:56,0
DA:58,4
DA:61,4
DA:62,4
DA:64,4
DA:71,4
DA:73,4
DA:77,4
DA:80,4
DA:81,4
DA:82,4
DA:84,4
DA:85,4
DA:86,4
DA:87,4
DA:88,4
DA:89,4
DA:90,4
DA:91,4
DA:92,4
DA:93,4
DA:94,4
DA:95,4
DA:96,4
DA:97,4
DA:99,4
DA:100,4
DA:101,4
DA:102,1
DA:103,1
LF:74
LH:61
BRDA:31,0,0,4
BRDA:39,1,0,0
BRDA:43,2,0,0
BRDA:47,3,0,0
BRDA:51,4,0,0
BRDA:54,5,0,0
BRDA:58,6,0,0
BRDA:61,7,0,0
BRDA:62,8,0,0
BRDA:82,9,0,0
BRF:10
BRH:1
end_of_record
TN:
SF:src\tools\products-search.ts
FNF:0
FNH:0
DA:7,1
DA:8,1
DA:9,1
DA:10,1
DA:12,1
DA:13,1
DA:14,1
DA:15,1
DA:16,1
DA:20,1
DA:21,1
DA:22,1
DA:23,1
DA:24,1
DA:25,1
DA:26,4
DA:27,4
DA:28,4
DA:30,4
DA:32,4
DA:48,4
DA:49,4
DA:50,4
DA:53,4
DA:60,4
DA:61,4
DA:62,4
DA:63,4
DA:65,4
DA:66,4
DA:67,4
DA:68,4
DA:69,4
DA:70,4
DA:71,4
DA:72,4
DA:73,4
DA:74,4
DA:75,4
DA:76,4
DA:77,4
DA:78,4
DA:80,4
DA:81,4
DA:82,4
DA:83,1
DA:84,1
LF:47
LH:47
BRDA:25,0,0,4
BRDA:63,1,0,0
BRF:2
BRH:1
end_of_record
TN:
SF:src\tools\products-top.ts
FNF:0
FNH:0
DA:9,1
DA:10,1
DA:11,1
DA:12,1
DA:14,1
DA:16,1
DA:17,1
DA:18,1
DA:19,1
DA:20,1
DA:21,1
DA:22,1
DA:23,1
DA:24,1
DA:25,1
DA:26,1
DA:27,1
DA:28,1
DA:29,1
DA:30,1
DA:31,1
DA:32,1
DA:33,1
DA:34,1
DA:35,1
DA:36,1
DA:37,1
DA:38,1
DA:39,1
DA:40,1
DA:41,1
DA:42,1
DA:43,1
DA:47,1
DA:48,1
DA:49,1
DA:50,1
DA:51,1
DA:52,1
DA:53,3
DA:54,3
DA:55,3
DA:57,3
DA:58,3
DA:60,3
DA:61,0
DA:62,0
DA:63,0
DA:64,3
DA:65,0
DA:66,0
DA:67,0
DA:69,3
DA:71,3
DA:72,3
DA:73,0
DA:74,3
DA:77,3
DA:78,3
DA:79,3
DA:80,0
DA:81,0
DA:82,0
DA:83,0
DA:84,0
DA:86,3
DA:95,3
DA:97,3
DA:101,3
DA:102,3
DA:103,3
DA:108,3
DA:109,3
DA:110,3
DA:111,3
DA:112,3
DA:114,3
DA:115,3
DA:116,3
DA:117,3
DA:118,3
DA:119,3
DA:120,3
DA:121,3
DA:122,3
DA:123,3
DA:124,3
DA:125,3
DA:126,3
DA:127,3
DA:128,3
DA:129,3
DA:130,3
DA:131,3
DA:132,3
DA:133,3
DA:134,3
DA:135,0
DA:136,3
DA:137,3
DA:139,3
DA:140,3
DA:141,3
DA:142,1
DA:143,1
LF:105
LH:92
BRDA:52,0,0,3
BRDA:60,1,0,0
BRDA:64,2,0,0
BRDA:69,3,0,0
BRDA:72,4,0,0
BRDA:74,5,0,0
BRDA:79,6,0,0
BRDA:112,7,0,0
BRDA:130,8,0,3
BRDA:134,9,0,0
BRF:10
BRH:2
end_of_record
TN:
SF:src\tools\refunds-summary.ts
FNF:0
FNH:0
DA:1,1
DA:2,1
DA:3,1
DA:4,1
DA:6,1
DA:7,1
DA:8,1
DA:9,1
DA:10,1
DA:11,1
DA:12,1
DA:13,1
DA:14,6
DA:15,6
DA:16,6
DA:18,6
DA:28,6
DA:30,6
DA:32,6
DA:33,6
DA:34,6
DA:35,6
DA:36,6
DA:37,6
DA:38,6
DA:39,6
DA:40,6
DA:41,6
DA:42,6
DA:43,6
DA:44,6
DA:45,6
DA:46,6
DA:47,6
DA:48,6
DA:49,6
DA:50,6
DA:51,6
DA:52,6
DA:53,6
DA:54,1
DA:55,1
LF:42
LH:42
BRDA:13,0,0,6
BRDA:44,1,0,0
BRDA:45,2,0,0
BRDA:47,3,0,6
BRF:4
BRH:2
end_of_record
TN:
SF:src\tools\returns-summary.ts
FNF:0
FNH:0
DA:5,1
DA:6,1
DA:7,1
DA:8,1
DA:10,1
DA:11,1
DA:12,1
DA:13,1
DA:14,1
DA:15,1
DA:16,1
DA:17,1
DA:18,1
DA:19,4
DA:20,4
DA:21,4
DA:23,4
DA:24,4
DA:26,4
DA:31,4
DA:35,4
DA:37,4
DA:39,4
DA:40,4
DA:41,4
DA:42,4
DA:43,4
DA:44,4
DA:45,4
DA:46,4
DA:47,4
DA:48,4
DA:49,4
DA:50,4
DA:51,4
DA:52,4
DA:53,4
DA:54,4
DA:55,4
DA:56,4
DA:57,4
DA:58,1
DA:59,1
LF:43
LH:43
BRDA:18,0,0,4
BRDA:23,1,0,0
BRDA:24,2,0,0
BRDA:51,3,0,0
BRDA:52,4,0,0
BRF:5
BRH:1
end_of_record
TN:
SF:src\tools\run-query.ts
FNF:0
FNH:0
DA:5,1
DA:6,1
DA:7,1
DA:8,1
DA:9,1
DA:11,1
DA:12,1
DA:13,1
DA:14,1
DA:15,1
DA:16,1
DA:17,1
DA:18,1
DA:19,1
DA:22,1
DA:23,1
DA:24,1
DA:25,1
DA:26,1
DA:27,1
DA:28,5
DA:29,5
DA:30,5
DA:32,5
DA:34,5
DA:35,5
DA:36,5
DA:37,5
DA:38,5
DA:39,5
DA:40,5
DA:42,5
DA:43,0
DA:44,0
DA:45,0
DA:46,0
DA:47,0
DA:48,0
DA:49,0
DA:50,0
DA:51,0
DA:52,0
DA:53,0
DA:54,0
DA:55,0
DA:56,0
DA:57,0
DA:58,0
DA:60,0
DA:61,0
DA:62,0
DA:63,0
DA:68,5
DA:69,5
DA:70,5
DA:71,5
DA:73,5
DA:74,5
DA:75,5
DA:76,5
DA:77,5
DA:78,5
DA:79,5
DA:80,5
DA:81,5
DA:82,5
DA:83,5
DA:84,5
DA:85,5
DA:86,5
DA:87,5
DA:89,5
DA:90,5
DA:91,5
DA:92,1
DA:93,1
LF:76
LH:56
BRDA:27,0,0,5
BRDA:42,1,0,0
BRDA:70,2,0,0
BRDA:86,3,0,0
BRF:4
BRH:1
end_of_record
TN:
SF:src\tools\sales-by-period.ts
FNF:0
FNH:0
DA:10,1
DA:11,1
DA:12,1
DA:13,1
DA:15,1
DA:16,1
DA:17,1
DA:18,1
DA:19,1
DA:21,1
DA:22,1
DA:23,1
DA:24,1
DA:25,1
DA:26,1
DA:27,1
DA:28,1
DA:29,1
DA:30,1
DA:31,1
DA:32,1
DA:33,1
DA:34,1
DA:35,1
DA:36,1
DA:37,1
DA:38,1
DA:39,1
DA:43,1
DA:44,1
DA:45,1
DA:46,1
DA:47,1
DA:48,1
DA:49,3
DA:50,3
DA:51,3
DA:53,3
DA:54,3
DA:55,3
DA:56,0
DA:57,3
DA:59,3
DA:61,3
DA:66,3
DA:72,3
DA:73,3
DA:74,3
DA:81,3
DA:82,3
DA:83,3
DA:84,3
DA:85,3
DA:86,3
DA:87,3
DA:88,3
DA:89,3
DA:90,3
DA:91,3
DA:92,3
DA:93,0
DA:94,3
DA:95,3
DA:96,3
DA:97,3
DA:98,3
DA:99,3
DA:100,3
DA:101,3
DA:102,3
DA:104,3
DA:105,3
DA:106,3
DA:107,1
DA:108,1
LF:75
LH:73
BRDA:48,0,0,3
BRDA:53,1,0,0
BRDA:55,2,0,0
BRDA:92,3,0,0
BRDA:96,4,0,3
BRDA:99,5,0,0
BRDA:100,6,0,0
BRF:7
BRH:2
end_of_record
TN:
SF:src\tools\sales-summary.ts
FN:29,fmt
FNF:1
FNH:1
FNDA:12,fmt
DA:13,1
DA:14,1
DA:15,1
DA:16,1
DA:18,1
DA:19,1
DA:20,1
DA:21,1
DA:22,1
DA:23,1
DA:24,1
DA:25,1
DA:29,12
DA:30,12
DA:31,12
DA:33,1
DA:34,1
DA:35,1
DA:36,1
DA:37,1
DA:38,1
DA:39,3
DA:40,3
DA:41,3
DA:43,3
DA:44,3
DA:45,0
DA:46,3
DA:49,3
DA:50,3
DA:51,3
DA:55,3
DA:56,3
DA:57,3
DA:64,3
DA:65,3
DA:66,3
DA:73,3
DA:74,3
DA:77,3
DA:78,3
DA:79,3
DA:83,3
DA:84,3
DA:87,3
DA:88,3
DA:89,3
DA:94,3
DA:95,3
DA:104,3
DA:105,3
DA:106,3
DA:107,3
DA:108,3
DA:109,3
DA:110,3
DA:111,3
DA:113,3
DA:114,3
DA:115,3
DA:116,3
DA:118,3
DA:119,3
DA:120,3
DA:121,3
DA:122,3
DA:123,3
DA:124,3
DA:125,3
DA:126,3
DA:127,3
DA:128,3
DA:129,0
DA:130,3
DA:131,3
DA:132,3
DA:133,3
DA:134,3
DA:135,3
DA:136,3
DA:137,3
DA:138,3
DA:139,3
DA:140,3
DA:141,3
DA:142,3
DA:143,3
DA:144,3
DA:145,3
DA:146,3
DA:147,3
DA:149,3
DA:150,3
DA:151,3
DA:152,1
DA:153,1
LF:96
LH:94
BRDA:29,0,0,12
BRDA:38,1,0,3
BRDA:44,2,0,0
BRDA:115,3,0,0
BRDA:128,4,0,0
BRDA:138,5,0,3
BRF:6
BRH:3
end_of_record
TN:
SF:src\tools\selling-plans-list.ts
FNF:0
FNH:0
DA:5,1
DA:6,1
DA:7,1
DA:8,1
DA:10,1
DA:11,1
DA:12,1
DA:13,1
DA:14,1
DA:15,1
DA:16,1
DA:17,1
DA:18,5
DA:19,5
DA:20,5
DA:22,5
DA:32,5
DA:34,5
DA:36,5
DA:37,5
DA:38,5
DA:39,5
DA:40,5
DA:41,5
DA:42,5
DA:43,5
DA:44,5
DA:45,5
DA:46,5
DA:47,5
DA:48,5
DA:49,5
DA:50,5
DA:51,5
DA:52,5
DA:53,5
DA:54,5
DA:55,1
DA:56,1
LF:39
LH:39
BRDA:17,0,0,5
BRDA:48,1,0,0
BRDA:49,2,0,0
BRF:3
BRH:1
end_of_record
TN:
SF:src\tools\slam-health.ts
FN:27,handler
FNF:1
FNH:1
FNDA:28,handler
DA:1,1
DA:2,1
DA:3,1
DA:4,1
DA:5,1
DA:6,1
DA:7,1
DA:9,1
DA:10,1
DA:11,1
DA:12,1
DA:17,1
DA:18,1
DA:19,1
DA:20,1
DA:21,1
DA:22,1
DA:23,1
DA:24,1
DA:25,1
DA:26,1
DA:27,1
DA:28,28
DA:29,28
DA:30,28
DA:31,28
DA:32,28
DA:34,28
DA:35,28
DA:37,28
DA:40,28
DA:41,28
DA:42,28
DA:43,28
DA:44,28
DA:46,28
DA:47,28
DA:48,28
DA:49,28
DA:50,28
DA:51,28
DA:52,28
DA:53,1372
DA:54,1372
DA:55,1372
DA:56,1372
DA:57,1372
DA:58,1372
DA:59,28
DA:61,28
DA:62,28
DA:63,28
DA:64,28
DA:65,28
DA:66,28
DA:67,28
DA:68,1372
DA:69,1372
DA:70,1372
DA:71,1372
DA:72,1372
DA:73,1372
DA:74,28
DA:76,28
DA:77,28
DA:78,28
DA:79,28
DA:80,28
DA:81,28
DA:82,28
DA:83,28
DA:84,28
DA:85,28
DA:86,28
DA:87,28
DA:88,28
DA:89,28
DA:90,28
DA:91,28
DA:92,28
DA:93,28
DA:94,28
DA:95,28
DA:96,28
DA:97,28
DA:98,28
DA:99,28
DA:100,28
DA:101,28
DA:102,28
DA:104,28
DA:105,28
DA:106,1
LF:93
LH:93
BRDA:27,0,0,28
BRDA:35,1,0,0
BRDA:43,2,0,0
BRDA:44,3,0,0
BRDA:52,4,0,1372
BRDA:56,5,0,0
BRDA:57,6,0,0
BRDA:67,7,0,1372
BRDA:72,8,0,0
BRDA:92,9,0,0
BRDA:98,10,0,0
BRDA:99,11,0,0
BRDA:99,12,0,0
BRDA:71,13,0,11620
BRDA:71,14,0,11620
BRF:15
BRH:5
end_of_record
TN:
SF:src\tools\store-snapshot.ts
FNF:0
FNH:0
DA:8,1
DA:9,1
DA:10,1
DA:12,1
DA:13,1
DA:14,1
DA:15,1
DA:18,1
DA:19,1
DA:20,6
DA:21,6
DA:24,6
DA:25,6
DA:26,6
DA:32,6
DA:33,6
DA:41,6
DA:42,6
DA:44,6
DA:45,6
DA:46,6
DA:47,6
DA:48,6
DA:49,6
DA:51,6
DA:52,6
DA:53,6
DA:54,6
DA:55,6
DA:56,6
DA:59,6
DA:60,6
DA:61,6
DA:62,6
DA:63,6
DA:64,6
DA:66,6
DA:67,6
DA:68,6
DA:69,6
DA:70,6
DA:71,6
DA:73,6
DA:74,6
DA:75,6
DA:76,6
DA:77,6
DA:78,6
DA:80,6
DA:81,6
DA:82,6
DA:83,6
DA:84,6
DA:85,6
DA:86,6
DA:87,6
DA:88,6
DA:89,6
DA:90,6
DA:91,6
DA:92,6
DA:93,6
DA:94,6
DA:95,6
DA:96,6
DA:97,6
DA:98,6
DA:99,6
DA:100,6
DA:101,6
DA:102,6
DA:103,6
DA:104,6
DA:105,6
DA:106,6
DA:107,6
DA:108,6
DA:109,6
DA:110,6
DA:111,6
DA:112,6
DA:113,6
DA:115,6
DA:116,6
DA:117,6
DA:118,1
DA:119,1
LF:87
LH:87
BRDA:19,0,0,6
BRDA:42,1,0,0
BRDA:49,2,0,0
BRDA:56,3,0,0
BRDA:64,4,0,0
BRDA:71,5,0,0
BRDA:78,6,0,0
BRF:7
BRH:1
end_of_record
TN:
SF:src\tools\variant-options.ts
FNF:0
FNH:0
DA:1,1
DA:2,1
DA:3,1
DA:4,1
DA:6,1
DA:7,1
DA:8,1
DA:9,1
DA:10,1
DA:11,1
DA:12,1
DA:13,3
DA:14,3
DA:15,3
DA:18,3
DA:24,3
DA:26,3
DA:27,3
DA:28,3
DA:29,3
DA:30,3
DA:31,3
DA:32,3
DA:33,3
DA:34,3
DA:35,3
DA:36,3
DA:37,3
DA:38,3
DA:39,3
DA:40,3
DA:41,3
DA:42,1
DA:43,1
LF:34
LH:34
BRDA:12,0,0,3
BRF:1
BRH:1
end_of_record
TN:
SF:src\tools\variants-get.ts
FNF:0
FNH:0
DA:5,1
DA:6,1
DA:7,1
DA:8,1
DA:10,1
DA:11,1
DA:12,1
DA:16,1
DA:17,1
DA:18,1
DA:19,1
DA:20,1
DA:21,1
DA:22,2
DA:23,2
DA:24,2
DA:26,2
DA:27,2
DA:28,2
DA:33,2
DA:34,2
DA:36,2
DA:37,2
DA:38,2
DA:39,2
DA:40,2
DA:41,2
DA:42,2
DA:43,2
DA:44,2
DA:45,2
DA:46,2
DA:47,2
DA:48,2
DA:49,2
DA:50,2
DA:51,2
DA:52,2
DA:53,2
DA:54,2
DA:55,2
DA:56,2
DA:57,2
DA:59,0
DA:60,0
DA:61,0
DA:62,0
DA:63,0
DA:64,0
DA:65,0
DA:66,0
DA:67,0
DA:68,0
DA:69,0
DA:70,0
DA:71,0
DA:73,0
DA:74,0
DA:75,0
DA:76,1
DA:77,1
LF:61
LH:45
BRDA:21,0,0,2
BRDA:57,1,0,0
BRF:2
BRH:1
end_of_record
TN:
SF:src\tools\variants-list.ts
FNF:0
FNH:0
DA:5,1
DA:6,1
DA:7,1
DA:8,1
DA:10,1
DA:12,1
DA:13,1
DA:14,1
DA:15,1
DA:16,1
DA:17,1
DA:18,1
DA:19,1
DA:20,1
DA:24,1
DA:25,1
DA:26,1
DA:27,1
DA:28,1
DA:29,1
DA:30,3
DA:31,3
DA:32,3
DA:34,3
DA:35,3
DA:37,3
DA:38,0
DA:39,0
DA:40,0
DA:41,3
DA:42,0
DA:43,0
DA:44,3
DA:45,0
DA:46,0
DA:48,3
DA:51,3
DA:52,3
DA:55,3
DA:56,3
DA:57,3
DA:58,3
DA:60,3
DA:67,3
DA:68,3
DA:72,3
DA:75,3
DA:76,3
DA:77,3
DA:79,3
DA:80,3
DA:81,3
DA:82,3
DA:83,3
DA:84,3
DA:85,3
DA:86,3
DA:87,3
DA:88,3
DA:89,3
DA:90,3
DA:91,3
DA:92,3
DA:94,3
DA:95,3
DA:96,3
DA:97,1
DA:98,1
LF:68
LH:61
BRDA:29,0,0,3
BRDA:37,1,0,0
BRDA:41,2,0,0
BRDA:44,3,0,0
BRDA:48,4,0,0
BRDA:51,5,0,0
BRDA:52,6,0,0
BRDA:77,7,0,0
BRF:8
BRH:1
end_of_record
TN:
SF:src\tools\variants-search.ts
FNF:0
FNH:0
DA:8,1
DA:9,1
DA:10,1
DA:11,1
DA:13,1
DA:14,1
DA:15,1
DA:16,1
DA:17,1
DA:18,1
DA:19,1
DA:20,1
DA:21,1
DA:22,1
DA:23,1
DA:24,1
DA:25,1
DA:26,1
DA:27,1
DA:28,1
DA:29,1
DA:30,1
DA:31,1
DA:32,1
DA:33,1
DA:34,1
DA:35,1
DA:39,1
DA:40,1
DA:41,1
DA:42,1
DA:43,1
DA:44,1
DA:45,3
DA:47,3
DA:48,3
DA:49,3
DA:50,3
DA:51,3
DA:52,3
DA:53,3
DA:54,3
DA:55,3
DA:56,3
DA:57,3
DA:58,3
DA:59,3
DA:60,3
DA:61,3
DA:62,3
DA:63,3
DA:64,3
DA:65,3
DA:66,3
DA:68,0
DA:69,0
DA:71,0
DA:72,0
DA:74,3
DA:75,0
DA:76,0
DA:77,0
DA:78,0
DA:79,0
DA:80,0
DA:81,0
DA:82,0
DA:83,0
DA:85,0
DA:87,0
DA:95,0
DA:99,0
DA:101,0
DA:105,0
DA:107,0
DA:108,3
DA:110,3
DA:111,3
DA:112,3
DA:113,3
DA:114,3
DA:115,3
DA:116,3
DA:117,3
DA:118,3
DA:119,3
DA:120,3
DA:121,3
DA:122,3
DA:123,3
DA:125,3
DA:126,3
DA:127,3
DA:128,1
DA:129,1
LF:95
LH:75
BRDA:44,0,0,3
BRDA:66,1,0,0
BRDA:74,2,0,0
BRDA:108,3,0,0
BRF:4
BRH:1
end_of_record
TN:
SF:src\tools\vendors-summary.ts
FNF:0
FNH:0
DA:7,1
DA:8,1
DA:9,1
DA:10,1
DA:12,1
DA:14,1
DA:15,1
DA:16,1
DA:17,1
DA:18,1
DA:19,1
DA:20,1
DA:21,1
DA:22,1
DA:23,1
DA:24,1
DA:25,1
DA:26,1
DA:27,1
DA:28,1
DA:29,1
DA:30,1
DA:31,1
DA:32,1
DA:36,1
DA:37,1
DA:38,1
DA:39,1
DA:40,1
DA:41,1
DA:42,2
DA:43,2
DA:44,2
DA:46,2
DA:47,2
DA:49,2
DA:50,2
DA:51,2
DA:52,0
DA:53,0
DA:54,0
DA:56,2
DA:65,2
DA:69,2
DA:77,2
DA:78,2
DA:79,2
DA:80,2
DA:81,2
DA:82,2
DA:83,2
DA:84,2
DA:85,2
DA:86,2
DA:87,2
DA:88,2
DA:89,2
DA:90,2
DA:91,2
DA:92,2
DA:93,2
DA:94,2
DA:96,2
DA:97,2
DA:98,2
DA:99,1
DA:100,1
LF:67
LH:64
BRDA:41,0,0,2
BRDA:46,1,0,0
BRDA:47,2,0,0
BRDA:51,3,0,0
BRDA:90,4,0,2
BRF:5
BRH:2
end_of_record
